0 info it worked if it ends with ok
1 verbose cli [ 'C:\\Program Files\\nodejs\\node.exe',
1 verbose cli   'C:\\Users\\felix\\AppData\\Roaming\\npm\\node_modules\\npm\\bin\\npm-cli.js',
1 verbose cli   'install',
1 verbose cli   '--save-dev',
1 verbose cli   'mocha',
1 verbose cli   'chai',
1 verbose cli   'bavel' ]
2 info using npm@4.1.1
3 info using node@v6.9.4
4 silly loadCurrentTree Starting
5 silly install loadCurrentTree
6 silly install readLocalPackageData
7 silly fetchPackageMetaData mocha@^3.5.0
8 silly fetchPackageMetaData chai@^4.1.1
9 silly fetchPackageMetaData bavel
10 silly fetchNamedPackageData mocha
11 silly mapToRegistry name mocha
12 silly mapToRegistry using default registry
13 silly mapToRegistry registry http://registry.npmjs.org/
14 silly mapToRegistry data Result {
14 silly mapToRegistry   raw: 'mocha',
14 silly mapToRegistry   scope: null,
14 silly mapToRegistry   escapedName: 'mocha',
14 silly mapToRegistry   name: 'mocha',
14 silly mapToRegistry   rawSpec: '',
14 silly mapToRegistry   spec: 'latest',
14 silly mapToRegistry   type: 'tag' }
15 silly mapToRegistry uri http://registry.npmjs.org/mocha
16 silly fetchNamedPackageData chai
17 silly mapToRegistry name chai
18 silly mapToRegistry using default registry
19 silly mapToRegistry registry http://registry.npmjs.org/
20 silly mapToRegistry data Result {
20 silly mapToRegistry   raw: 'chai',
20 silly mapToRegistry   scope: null,
20 silly mapToRegistry   escapedName: 'chai',
20 silly mapToRegistry   name: 'chai',
20 silly mapToRegistry   rawSpec: '',
20 silly mapToRegistry   spec: 'latest',
20 silly mapToRegistry   type: 'tag' }
21 silly mapToRegistry uri http://registry.npmjs.org/chai
22 silly fetchNamedPackageData bavel
23 silly mapToRegistry name bavel
24 silly mapToRegistry using default registry
25 silly mapToRegistry registry http://registry.npmjs.org/
26 silly mapToRegistry data Result {
26 silly mapToRegistry   raw: 'bavel',
26 silly mapToRegistry   scope: null,
26 silly mapToRegistry   escapedName: 'bavel',
26 silly mapToRegistry   name: 'bavel',
26 silly mapToRegistry   rawSpec: '',
26 silly mapToRegistry   spec: 'latest',
26 silly mapToRegistry   type: 'tag' }
27 silly mapToRegistry uri http://registry.npmjs.org/bavel
28 verbose request uri http://registry.npmjs.org/bavel
29 verbose request no auth needed
30 info attempt registry request try #1 at 8:18:04 PM
31 verbose request using bearer token for auth
32 verbose request id 6c938d95f7249656
33 http request GET http://registry.npmjs.org/bavel
34 verbose request uri http://registry.npmjs.org/mocha
35 verbose request no auth needed
36 info attempt registry request try #1 at 8:18:04 PM
37 verbose request using bearer token for auth
38 verbose etag W/"59961d4b-ad1a0"
39 verbose lastModified Thu, 17 Aug 2017 22:48:43 GMT
40 http request GET http://registry.npmjs.org/mocha
41 verbose request uri http://registry.npmjs.org/chai
42 verbose request no auth needed
43 info attempt registry request try #1 at 8:18:04 PM
44 verbose request using bearer token for auth
45 verbose etag W/"59897b80-19857"
46 verbose lastModified Tue, 08 Aug 2017 08:51:12 GMT
47 http request GET http://registry.npmjs.org/chai
48 http 304 http://registry.npmjs.org/chai
49 verbose headers { server: 'nginx/1.10.1',
49 verbose headers   'last-modified': 'Tue, 08 Aug 2017 08:51:12 GMT',
49 verbose headers   etag: '"59897b80-19857"',
49 verbose headers   'cache-control': 'max-age=300',
49 verbose headers   'accept-ranges': 'bytes',
49 verbose headers   date: 'Fri, 18 Aug 2017 19:18:03 GMT',
49 verbose headers   via: '1.1 varnish',
49 verbose headers   connection: 'keep-alive',
49 verbose headers   'x-served-by': 'cache-ams4138-AMS',
49 verbose headers   'x-cache': 'MISS',
49 verbose headers   'x-cache-hits': '0',
49 verbose headers   'x-timer': 'S1503083883.128489,VS0,VE7',
49 verbose headers   vary: 'Accept-Encoding, Accept' }
50 silly get cb [ 304,
50 silly get   { server: 'nginx/1.10.1',
50 silly get     'last-modified': 'Tue, 08 Aug 2017 08:51:12 GMT',
50 silly get     etag: '"59897b80-19857"',
50 silly get     'cache-control': 'max-age=300',
50 silly get     'accept-ranges': 'bytes',
50 silly get     date: 'Fri, 18 Aug 2017 19:18:03 GMT',
50 silly get     via: '1.1 varnish',
50 silly get     connection: 'keep-alive',
50 silly get     'x-served-by': 'cache-ams4138-AMS',
50 silly get     'x-cache': 'MISS',
50 silly get     'x-cache-hits': '0',
50 silly get     'x-timer': 'S1503083883.128489,VS0,VE7',
50 silly get     vary: 'Accept-Encoding, Accept' } ]
51 verbose etag http://registry.npmjs.org/chai from cache
52 verbose get saving chai to C:\Users\felix\AppData\Roaming\npm-cache\registry.npmjs.org\chai\.cache.json
53 verbose correctMkdir C:\Users\felix\AppData\Roaming\npm-cache correctMkdir not in flight; initializing
54 silly pickManifestFromRegistryMetadata spec >=4.1.1 <5.0.0 tag latest versions [ '0.0.1',
54 silly pickManifestFromRegistryMetadata   '0.0.2',
54 silly pickManifestFromRegistryMetadata   '0.1.0',
54 silly pickManifestFromRegistryMetadata   '0.1.1',
54 silly pickManifestFromRegistryMetadata   '0.1.2',
54 silly pickManifestFromRegistryMetadata   '0.1.3',
54 silly pickManifestFromRegistryMetadata   '0.1.4',
54 silly pickManifestFromRegistryMetadata   '0.1.5',
54 silly pickManifestFromRegistryMetadata   '0.1.6',
54 silly pickManifestFromRegistryMetadata   '0.1.7',
54 silly pickManifestFromRegistryMetadata   '0.2.0',
54 silly pickManifestFromRegistryMetadata   '0.2.1',
54 silly pickManifestFromRegistryMetadata   '0.2.2',
54 silly pickManifestFromRegistryMetadata   '0.2.3',
54 silly pickManifestFromRegistryMetadata   '0.2.4',
54 silly pickManifestFromRegistryMetadata   '0.3.0',
54 silly pickManifestFromRegistryMetadata   '0.3.1',
54 silly pickManifestFromRegistryMetadata   '0.3.2',
54 silly pickManifestFromRegistryMetadata   '0.3.3',
54 silly pickManifestFromRegistryMetadata   '0.3.4',
54 silly pickManifestFromRegistryMetadata   '0.4.0',
54 silly pickManifestFromRegistryMetadata   '0.4.1',
54 silly pickManifestFromRegistryMetadata   '0.4.2',
54 silly pickManifestFromRegistryMetadata   '0.5.0',
54 silly pickManifestFromRegistryMetadata   '0.5.1',
54 silly pickManifestFromRegistryMetadata   '0.5.2',
54 silly pickManifestFromRegistryMetadata   '0.5.3',
54 silly pickManifestFromRegistryMetadata   '1.0.0',
54 silly pickManifestFromRegistryMetadata   '1.0.1',
54 silly pickManifestFromRegistryMetadata   '1.0.2',
54 silly pickManifestFromRegistryMetadata   '1.0.3',
54 silly pickManifestFromRegistryMetadata   '1.0.4',
54 silly pickManifestFromRegistryMetadata   '1.1.0',
54 silly pickManifestFromRegistryMetadata   '1.1.1',
54 silly pickManifestFromRegistryMetadata   '1.2.0',
54 silly pickManifestFromRegistryMetadata   '1.3.0',
54 silly pickManifestFromRegistryMetadata   '1.4.0',
54 silly pickManifestFromRegistryMetadata   '1.4.1',
54 silly pickManifestFromRegistryMetadata   '1.4.2',
54 silly pickManifestFromRegistryMetadata   '1.5.0',
54 silly pickManifestFromRegistryMetadata   '1.6.0',
54 silly pickManifestFromRegistryMetadata   '1.6.1',
54 silly pickManifestFromRegistryMetadata   '1.7.0',
54 silly pickManifestFromRegistryMetadata   '1.7.1',
54 silly pickManifestFromRegistryMetadata   '1.7.2',
54 silly pickManifestFromRegistryMetadata   '1.8.0',
54 silly pickManifestFromRegistryMetadata   '1.8.1',
54 silly pickManifestFromRegistryMetadata   '1.9.0',
54 silly pickManifestFromRegistryMetadata   '1.9.1',
54 silly pickManifestFromRegistryMetadata   '1.9.2',
54 silly pickManifestFromRegistryMetadata   '1.10.0',
54 silly pickManifestFromRegistryMetadata   '2.0.0',
54 silly pickManifestFromRegistryMetadata   '2.1.0',
54 silly pickManifestFromRegistryMetadata   '2.1.1',
54 silly pickManifestFromRegistryMetadata   '2.1.2',
54 silly pickManifestFromRegistryMetadata   '2.2.0',
54 silly pickManifestFromRegistryMetadata   '2.3.0',
54 silly pickManifestFromRegistryMetadata   '3.0.0',
54 silly pickManifestFromRegistryMetadata   '3.1.0',
54 silly pickManifestFromRegistryMetadata   '3.2.0',
54 silly pickManifestFromRegistryMetadata   '3.3.0',
54 silly pickManifestFromRegistryMetadata   '3.4.0',
54 silly pickManifestFromRegistryMetadata   '3.4.1',
54 silly pickManifestFromRegistryMetadata   '3.5.0',
54 silly pickManifestFromRegistryMetadata   '4.0.0-canary.1',
54 silly pickManifestFromRegistryMetadata   '4.0.0-canary.2',
54 silly pickManifestFromRegistryMetadata   '4.0.0',
54 silly pickManifestFromRegistryMetadata   '4.0.1',
54 silly pickManifestFromRegistryMetadata   '4.0.2',
54 silly pickManifestFromRegistryMetadata   '4.1.0',
54 silly pickManifestFromRegistryMetadata   '4.1.1' ]
55 http 304 http://registry.npmjs.org/mocha
56 verbose headers { server: 'nginx/1.10.1',
56 verbose headers   'last-modified': 'Thu, 17 Aug 2017 22:48:43 GMT',
56 verbose headers   etag: '"59961d4b-ad1a0"',
56 verbose headers   'cache-control': 'max-age=300',
56 verbose headers   'accept-ranges': 'bytes',
56 verbose headers   date: 'Fri, 18 Aug 2017 19:18:03 GMT',
56 verbose headers   via: '1.1 varnish',
56 verbose headers   connection: 'keep-alive',
56 verbose headers   'x-served-by': 'cache-ams4145-AMS',
56 verbose headers   'x-cache': 'MISS',
56 verbose headers   'x-cache-hits': '0',
56 verbose headers   'x-timer': 'S1503083883.158653,VS0,VE7',
56 verbose headers   vary: 'Accept-Encoding, Accept' }
57 silly get cb [ 304,
57 silly get   { server: 'nginx/1.10.1',
57 silly get     'last-modified': 'Thu, 17 Aug 2017 22:48:43 GMT',
57 silly get     etag: '"59961d4b-ad1a0"',
57 silly get     'cache-control': 'max-age=300',
57 silly get     'accept-ranges': 'bytes',
57 silly get     date: 'Fri, 18 Aug 2017 19:18:03 GMT',
57 silly get     via: '1.1 varnish',
57 silly get     connection: 'keep-alive',
57 silly get     'x-served-by': 'cache-ams4145-AMS',
57 silly get     'x-cache': 'MISS',
57 silly get     'x-cache-hits': '0',
57 silly get     'x-timer': 'S1503083883.158653,VS0,VE7',
57 silly get     vary: 'Accept-Encoding, Accept' } ]
58 verbose etag http://registry.npmjs.org/mocha from cache
59 verbose get saving mocha to C:\Users\felix\AppData\Roaming\npm-cache\registry.npmjs.org\mocha\.cache.json
60 verbose correctMkdir C:\Users\felix\AppData\Roaming\npm-cache correctMkdir not in flight; initializing
61 silly pickManifestFromRegistryMetadata spec >=3.5.0 <4.0.0 tag latest versions [ '0.0.1-alpha1',
61 silly pickManifestFromRegistryMetadata   '0.0.1-alpha2',
61 silly pickManifestFromRegistryMetadata   '0.0.1-alpha3',
61 silly pickManifestFromRegistryMetadata   '0.0.1-alpha4',
61 silly pickManifestFromRegistryMetadata   '0.0.1-alpha5',
61 silly pickManifestFromRegistryMetadata   '0.0.1-alpha6',
61 silly pickManifestFromRegistryMetadata   '0.0.1',
61 silly pickManifestFromRegistryMetadata   '0.0.2',
61 silly pickManifestFromRegistryMetadata   '0.0.3',
61 silly pickManifestFromRegistryMetadata   '0.0.4',
61 silly pickManifestFromRegistryMetadata   '0.0.5',
61 silly pickManifestFromRegistryMetadata   '0.0.6',
61 silly pickManifestFromRegistryMetadata   '0.0.7',
61 silly pickManifestFromRegistryMetadata   '0.0.8',
61 silly pickManifestFromRegistryMetadata   '0.1.0',
61 silly pickManifestFromRegistryMetadata   '0.2.0',
61 silly pickManifestFromRegistryMetadata   '0.3.0',
61 silly pickManifestFromRegistryMetadata   '0.3.1',
61 silly pickManifestFromRegistryMetadata   '0.3.2',
61 silly pickManifestFromRegistryMetadata   '0.3.3',
61 silly pickManifestFromRegistryMetadata   '0.3.4',
61 silly pickManifestFromRegistryMetadata   '0.3.6',
61 silly pickManifestFromRegistryMetadata   '0.4.0',
61 silly pickManifestFromRegistryMetadata   '0.5.0',
61 silly pickManifestFromRegistryMetadata   '0.6.0',
61 silly pickManifestFromRegistryMetadata   '0.7.0',
61 silly pickManifestFromRegistryMetadata   '0.7.1',
61 silly pickManifestFromRegistryMetadata   '0.8.0',
61 silly pickManifestFromRegistryMetadata   '0.8.1',
61 silly pickManifestFromRegistryMetadata   '0.9.0',
61 silly pickManifestFromRegistryMetadata   '0.10.0',
61 silly pickManifestFromRegistryMetadata   '0.10.1',
61 silly pickManifestFromRegistryMetadata   '0.10.2',
61 silly pickManifestFromRegistryMetadata   '0.11.0',
61 silly pickManifestFromRegistryMetadata   '0.12.0',
61 silly pickManifestFromRegistryMetadata   '0.12.1',
61 silly pickManifestFromRegistryMetadata   '0.13.0',
61 silly pickManifestFromRegistryMetadata   '0.14.0',
61 silly pickManifestFromRegistryMetadata   '0.14.1',
61 silly pickManifestFromRegistryMetadata   '1.0.0',
61 silly pickManifestFromRegistryMetadata   '1.0.1',
61 silly pickManifestFromRegistryMetadata   '1.0.2',
61 silly pickManifestFromRegistryMetadata   '1.0.3',
61 silly pickManifestFromRegistryMetadata   '1.1.0',
61 silly pickManifestFromRegistryMetadata   '1.2.0',
61 silly pickManifestFromRegistryMetadata   '1.2.1',
61 silly pickManifestFromRegistryMetadata   '1.2.2',
61 silly pickManifestFromRegistryMetadata   '1.3.0',
61 silly pickManifestFromRegistryMetadata   '1.3.1',
61 silly pickManifestFromRegistryMetadata   '1.3.2',
61 silly pickManifestFromRegistryMetadata   '1.4.0',
61 silly pickManifestFromRegistryMetadata   '1.4.1',
61 silly pickManifestFromRegistryMetadata   '1.4.2',
61 silly pickManifestFromRegistryMetadata   '1.4.3',
61 silly pickManifestFromRegistryMetadata   '1.5.0',
61 silly pickManifestFromRegistryMetadata   '1.6.0',
61 silly pickManifestFromRegistryMetadata   '1.7.0',
61 silly pickManifestFromRegistryMetadata   '1.7.1',
61 silly pickManifestFromRegistryMetadata   '1.7.2',
61 silly pickManifestFromRegistryMetadata   '1.7.3',
61 silly pickManifestFromRegistryMetadata   '1.7.4',
61 silly pickManifestFromRegistryMetadata   '1.8.0',
61 silly pickManifestFromRegistryMetadata   '1.8.1',
61 silly pickManifestFromRegistryMetadata   '1.8.2',
61 silly pickManifestFromRegistryMetadata   '1.9.0',
61 silly pickManifestFromRegistryMetadata   '1.10.0',
61 silly pickManifestFromRegistryMetadata   '1.11.0',
61 silly pickManifestFromRegistryMetadata   '1.12.0',
61 silly pickManifestFromRegistryMetadata   '1.12.1',
61 silly pickManifestFromRegistryMetadata   '1.13.0',
61 silly pickManifestFromRegistryMetadata   '1.14.0',
61 silly pickManifestFromRegistryMetadata   '1.15.0',
61 silly pickManifestFromRegistryMetadata   '1.15.1',
61 silly pickManifestFromRegistryMetadata   '1.16.0',
61 silly pickManifestFromRegistryMetadata   '1.16.1',
61 silly pickManifestFromRegistryMetadata   '1.16.2',
61 silly pickManifestFromRegistryMetadata   '1.17.0',
61 silly pickManifestFromRegistryMetadata   '1.17.1',
61 silly pickManifestFromRegistryMetadata   '1.18.0',
61 silly pickManifestFromRegistryMetadata   '1.18.1',
61 silly pickManifestFromRegistryMetadata   '1.18.2',
61 silly pickManifestFromRegistryMetadata   '1.19.0',
61 silly pickManifestFromRegistryMetadata   '1.20.0',
61 silly pickManifestFromRegistryMetadata   '1.20.1',
61 silly pickManifestFromRegistryMetadata   '1.21.0',
61 silly pickManifestFromRegistryMetadata   '1.21.1',
61 silly pickManifestFromRegistryMetadata   '1.21.2',
61 silly pickManifestFromRegistryMetadata   '1.21.3',
61 silly pickManifestFromRegistryMetadata   '1.21.4',
61 silly pickManifestFromRegistryMetadata   '1.21.5',
61 silly pickManifestFromRegistryMetadata   '2.0.0',
61 silly pickManifestFromRegistryMetadata   '2.0.1',
61 silly pickManifestFromRegistryMetadata   '2.1.0',
61 silly pickManifestFromRegistryMetadata   '2.2.0',
61 silly pickManifestFromRegistryMetadata   '2.2.1',
61 silly pickManifestFromRegistryMetadata   '2.2.3',
61 silly pickManifestFromRegistryMetadata   '2.2.4',
61 silly pickManifestFromRegistryMetadata   '2.2.5',
61 silly pickManifestFromRegistryMetadata   '2.3.0',
61 silly pickManifestFromRegistryMetadata   '2.3.1',
61 silly pickManifestFromRegistryMetadata   ... 26 more items ]
62 http 404 http://registry.npmjs.org/bavel
63 verbose headers { 'content-type': 'application/json',
63 verbose headers   'cache-control': 'max-age=0',
63 verbose headers   'content-length': '2',
63 verbose headers   'accept-ranges': 'bytes',
63 verbose headers   date: 'Fri, 18 Aug 2017 19:18:03 GMT',
63 verbose headers   via: '1.1 varnish',
63 verbose headers   connection: 'keep-alive',
63 verbose headers   'x-served-by': 'cache-ams4144-AMS',
63 verbose headers   'x-cache': 'MISS',
63 verbose headers   'x-cache-hits': '0',
63 verbose headers   'x-timer': 'S1503083883.155187,VS0,VE704',
63 verbose headers   vary: 'Accept-Encoding' }
64 silly get cb [ 404,
64 silly get   { 'content-type': 'application/json',
64 silly get     'cache-control': 'max-age=0',
64 silly get     'content-length': '2',
64 silly get     'accept-ranges': 'bytes',
64 silly get     date: 'Fri, 18 Aug 2017 19:18:03 GMT',
64 silly get     via: '1.1 varnish',
64 silly get     connection: 'keep-alive',
64 silly get     'x-served-by': 'cache-ams4144-AMS',
64 silly get     'x-cache': 'MISS',
64 silly get     'x-cache-hits': '0',
64 silly get     'x-timer': 'S1503083883.155187,VS0,VE704',
64 silly get     vary: 'Accept-Encoding' } ]
65 silly fetchPackageMetaData Error: Registry returned 404 for GET on http://registry.npmjs.org/bavel
65 silly fetchPackageMetaData     at makeError (C:\Users\felix\AppData\Roaming\npm\node_modules\npm\node_modules\npm-registry-client\lib\request.js:304:12)
65 silly fetchPackageMetaData     at CachingRegistryClient.<anonymous> (C:\Users\felix\AppData\Roaming\npm\node_modules\npm\node_modules\npm-registry-client\lib\request.js:282:14)
65 silly fetchPackageMetaData     at Request._callback (C:\Users\felix\AppData\Roaming\npm\node_modules\npm\node_modules\npm-registry-client\lib\request.js:212:14)
65 silly fetchPackageMetaData     at Request.self.callback (C:\Users\felix\AppData\Roaming\npm\node_modules\npm\node_modules\request\request.js:186:22)
65 silly fetchPackageMetaData     at emitTwo (events.js:106:13)
65 silly fetchPackageMetaData     at Request.emit (events.js:191:7)
65 silly fetchPackageMetaData     at Request.<anonymous> (C:\Users\felix\AppData\Roaming\npm\node_modules\npm\node_modules\request\request.js:1081:10)
65 silly fetchPackageMetaData     at emitOne (events.js:96:13)
65 silly fetchPackageMetaData     at Request.emit (events.js:188:7)
65 silly fetchPackageMetaData     at IncomingMessage.<anonymous> (C:\Users\felix\AppData\Roaming\npm\node_modules\npm\node_modules\request\request.js:1001:12)
65 silly fetchPackageMetaData  error for bavel { Error: Registry returned 404 for GET on http://registry.npmjs.org/bavel
65 silly fetchPackageMetaData     at makeError (C:\Users\felix\AppData\Roaming\npm\node_modules\npm\node_modules\npm-registry-client\lib\request.js:304:12)
65 silly fetchPackageMetaData     at CachingRegistryClient.<anonymous> (C:\Users\felix\AppData\Roaming\npm\node_modules\npm\node_modules\npm-registry-client\lib\request.js:282:14)
65 silly fetchPackageMetaData     at Request._callback (C:\Users\felix\AppData\Roaming\npm\node_modules\npm\node_modules\npm-registry-client\lib\request.js:212:14)
65 silly fetchPackageMetaData     at Request.self.callback (C:\Users\felix\AppData\Roaming\npm\node_modules\npm\node_modules\request\request.js:186:22)
65 silly fetchPackageMetaData     at emitTwo (events.js:106:13)
65 silly fetchPackageMetaData     at Request.emit (events.js:191:7)
65 silly fetchPackageMetaData     at Request.<anonymous> (C:\Users\felix\AppData\Roaming\npm\node_modules\npm\node_modules\request\request.js:1081:10)
65 silly fetchPackageMetaData     at emitOne (events.js:96:13)
65 silly fetchPackageMetaData     at Request.emit (events.js:188:7)
65 silly fetchPackageMetaData     at IncomingMessage.<anonymous> (C:\Users\felix\AppData\Roaming\npm\node_modules\npm\node_modules\request\request.js:1001:12) pkgid: 'bavel', statusCode: 404, code: 'E404' }
66 silly rollbackFailedOptional Starting
67 silly rollbackFailedOptional Finishing
68 silly runTopLevelLifecycles Finishing
69 silly install printInstalled
70 verbose stack Error: Registry returned 404 for GET on http://registry.npmjs.org/bavel
70 verbose stack     at makeError (C:\Users\felix\AppData\Roaming\npm\node_modules\npm\node_modules\npm-registry-client\lib\request.js:304:12)
70 verbose stack     at CachingRegistryClient.<anonymous> (C:\Users\felix\AppData\Roaming\npm\node_modules\npm\node_modules\npm-registry-client\lib\request.js:282:14)
70 verbose stack     at Request._callback (C:\Users\felix\AppData\Roaming\npm\node_modules\npm\node_modules\npm-registry-client\lib\request.js:212:14)
70 verbose stack     at Request.self.callback (C:\Users\felix\AppData\Roaming\npm\node_modules\npm\node_modules\request\request.js:186:22)
70 verbose stack     at emitTwo (events.js:106:13)
70 verbose stack     at Request.emit (events.js:191:7)
70 verbose stack     at Request.<anonymous> (C:\Users\felix\AppData\Roaming\npm\node_modules\npm\node_modules\request\request.js:1081:10)
70 verbose stack     at emitOne (events.js:96:13)
70 verbose stack     at Request.emit (events.js:188:7)
70 verbose stack     at IncomingMessage.<anonymous> (C:\Users\felix\AppData\Roaming\npm\node_modules\npm\node_modules\request\request.js:1001:12)
71 verbose statusCode 404
72 verbose pkgid bavel
73 verbose cwd C:\Users\felix\Documents\My Library\flexMap
74 error Windows_NT 10.0.15063
75 error argv "C:\\Program Files\\nodejs\\node.exe" "C:\\Users\\felix\\AppData\\Roaming\\npm\\node_modules\\npm\\bin\\npm-cli.js" "install" "--save-dev" "mocha" "chai" "bavel"
76 error node v6.9.4
77 error npm  v4.1.1
78 error code E404
79 error 404 Registry returned 404 for GET on http://registry.npmjs.org/bavel
80 error 404
81 error 404 'bavel' is not in the npm registry.
82 error 404 You should bug the author to publish it (or use the name yourself!)
83 error 404 Note that you can also install from a
84 error 404 tarball, folder, http url, or git url.
85 verbose exit [ 1, true ]
